C51 COMPILER V9.53.0.0   INTERRUPTS                                                        01/14/2018 17:53:20 PAGE 1   


C51 COMPILER V9.53.0.0, COMPILATION OF MODULE INTERRUPTS
OBJECT MODULE PLACED IN .\src/Interrupts.OBJ
COMPILER INVOKED BY: Z:\home\alex\tools\SimplicityStudio_v4\developer\toolchains\keil_8051\9.53\BIN\C51.exe /home/alex/S
                    -implicityStudio/v4_workspace/EFM8SB10F8G-A-QFN20/src/Interrupts.c OMF2 SMALL DEBUG OBJECTEXTEND ROM(LARGE) WARNINGLEVEL(
                    -2) FLOATFUZZY(3) OPTIMIZE(8,SPEED) DEFINE(DEBUG=1) INTVECTOR(0X0000) INTPROMOTE INCDIR(/home/alex/SimplicityStudio/v4_wo
                    -rkspace/EFM8SB10F8G-A-QFN20/inc;/home/alex/tools/SimplicityStudio_v4/developer/sdks/8051/v4.0.9//Device/shared/si8051Bas
                    -e;/home/alex/tools/SimplicityStudio_v4/developer/sdks/8051/v4.0.9//Device/shared/si8051base;/home/alex/tools/SimplicityS
                    -tudio_v4/developer/sdks/8051/v4.0.9//Device/EFM8SB1/inc;/home/alex/tools/SimplicityStudio_v4/developer/sdks/8051/v4.0.9/
                    -/Device/EFM8SB1/peripheral_driver/inc) PRINT(.\src/Interrupts.lst) COND PAGEWIDTH(120) PAGELENGTH(65) OBJECT(.\src/Inter
                    -rupts.OBJ)

line level    source

   1          //=========================================================
   2          // src/Interrupts.c: generated by Hardware Configurator
   3          //
   4          // This file will be regenerated when saving a document.
   5          // leave the sections inside the "$[...]" comment tags alone
   6          // or they will be overwritten!
   7          //=========================================================
   8          
   9          // USER INCLUDES
  10          #include <SI_EFM8SB1_Register_Enums.h>


MODULE INFORMATION:   STATIC OVERLAYABLE
   CODE SIZE        =   ----    ----
   CONSTANT SIZE    =   ----    ----
   XDATA SIZE       =   ----    ----
   PDATA SIZE       =   ----    ----
   DATA SIZE        =   ----    ----
   IDATA SIZE       =   ----    ----
   BIT SIZE         =   ----    ----
   EDATA SIZE       =   ----    ----
   HDATA SIZE       =   ----    ----
   XDATA CONST SIZE =   ----    ----
   FAR CONST SIZE   =   ----    ----
END OF MODULE INFORMATION.


C51 COMPILATION COMPLETE.  0 WARNING(S),  0 ERROR(S)
